# JRE version: Java(TM) SE Runtime Environment (8.0_11-b12) (build 1.8.0_11-b12)
# Java VM: Java HotSpot(TM) 64-Bit Server VM (25.11-b03 mixed mode windows-amd64 compressed oops)
Heap:
 PSYoungGen      total 12288K, used 4951K [0x000000076ad80000, 0x000000076c280000, 0x00000007c0000000)
  eden space 10240K, 30% used [0x000000076ad80000,0x000000076b089d50,0x000000076b780000)
  from space 2048K, 89% used [0x000000076b780000,0x000000076b94c088,0x000000076b980000)
  to   space 2560K, 0% used [0x000000076c000000,0x000000076c000000,0x000000076c280000)
 ParOldGen       total 260608K, used 4976K [0x00000006c0800000, 0x00000006d0680000, 0x000000076ad80000)
  object space 260608K, 1% used [0x00000006c0800000,0x00000006c0cdc090,0x00000006d0680000)
 Metaspace       used 14540K, capacity 14776K, committed 15104K, reserved 1062912K
  class space    used 1620K, capacity 1690K, committed 1792K, reserved 1048576K
GC Heap History (10 events):
Event: 0.378 GC heap before
{Heap before GC invocations=9 (full 0):
 PSYoungGen      total 5120K, used 4988K [0x000000076ad80000, 0x000000076b380000, 0x00000007c0000000)
  eden space 4096K, 99% used [0x000000076ad80000,0x000000076b17c930,0x000000076b180000)
  from space 1024K, 88% used [0x000000076b280000,0x000000076b362960,0x000000076b380000)
  to   space 1024K, 0% used [0x000000076b180000,0x000000076b180000,0x000000076b280000)
 ParOldGen       total 260608K, used 1024K [0x00000006c0800000, 0x00000006d0680000, 0x000000076ad80000)
  object space 260608K, 0% used [0x00000006c0800000,0x00000006c09003e8,0x00000006d0680000)
 Metaspace       used 6570K, capacity 6666K, committed 6912K, reserved 1056768K
  class space    used 730K, capacity 753K, committed 768K, reserved 1048576K
Event: 0.379 GC heap after
Heap after GC invocations=9 (full 0):
 PSYoungGen      total 5120K, used 1006K [0x000000076ad80000, 0x000000076b700000, 0x00000007c0000000)
  eden space 4096K, 0% used [0x000000076ad80000,0x000000076ad80000,0x000000076b180000)
  from space 1024K, 98% used [0x000000076b180000,0x000000076b27b8f0,0x000000076b280000)
  to   space 1536K, 0% used [0x000000076b580000,0x000000076b580000,0x000000076b700000)
 ParOldGen       total 260608K, used 1559K [0x00000006c0800000, 0x00000006d0680000, 0x000000076ad80000)
  object space 260608K, 0% used [0x00000006c0800000,0x00000006c0985c00,0x00000006d0680000)
 Metaspace       used 6570K, capacity 6666K, committed 6912K, reserved 1056768K
  class space    used 730K, capacity 753K, committed 768K, reserved 1048576K
}
Event: 0.458 GC heap before
{Heap before GC invocations=10 (full 0):
 PSYoungGen      total 5120K, used 5102K [0x000000076ad80000, 0x000000076b700000, 0x00000007c0000000)
  eden space 4096K, 100% used [0x000000076ad80000,0x000000076b180000,0x000000076b180000)
  from space 1024K, 98% used [0x000000076b180000,0x000000076b27b8f0,0x000000076b280000)
  to   space 1536K, 0% used [0x000000076b580000,0x000000076b580000,0x000000076b700000)
 ParOldGen       total 260608K, used 1559K [0x00000006c0800000, 0x00000006d0680000, 0x000000076ad80000)
  object space 260608K, 0% used [0x00000006c0800000,0x00000006c0985c00,0x00000006d0680000)
 Metaspace       used 8648K, capacity 8714K, committed 8960K, reserved 1056768K
  class space    used 985K, capacity 1009K, committed 1024K, reserved 1048576K
Event: 0.460 GC heap after
Heap after GC invocations=10 (full 0):
 PSYoungGen      total 7680K, used 1525K [0x000000076ad80000, 0x000000076b800000, 0x00000007c0000000)
  eden space 6144K, 0% used [0x000000076ad80000,0x000000076ad80000,0x000000076b380000)
  from space 1536K, 99% used [0x000000076b580000,0x000000076b6fd738,0x000000076b700000)
  to   space 2048K, 0% used [0x000000076b380000,0x000000076b380000,0x000000076b580000)
 ParOldGen       total 260608K, used 2331K [0x00000006c0800000, 0x00000006d0680000, 0x000000076ad80000)
  object space 260608K, 0% used [0x00000006c0800000,0x00000006c0a46f70,0x00000006d0680000)
 Metaspace       used 8648K, capacity 8714K, committed 8960K, reserved 1056768K
  class space    used 985K, capacity 1009K, committed 1024K, reserved 1048576K
}
Event: 0.642 GC heap before
{Heap before GC invocations=11 (full 0):
 PSYoungGen      total 7680K, used 7669K [0x000000076ad80000, 0x000000076b800000, 0x00000007c0000000)
  eden space 6144K, 100% used [0x000000076ad80000,0x000000076b380000,0x000000076b380000)
  from space 1536K, 99% used [0x000000076b580000,0x000000076b6fd738,0x000000076b700000)
  to   space 2048K, 0% used [0x000000076b380000,0x000000076b380000,0x000000076b580000)
 ParOldGen       total 260608K, used 2331K [0x00000006c0800000, 0x00000006d0680000, 0x000000076ad80000)
  object space 260608K, 0% used [0x00000006c0800000,0x00000006c0a46f70,0x00000006d0680000)
 Metaspace       used 11082K, capacity 11302K, committed 11392K, reserved 1058816K
  class space    used 1297K, capacity 1373K, committed 1408K, reserved 1048576K
Event: 0.644 GC heap after
Heap after GC invocations=11 (full 0):
 PSYoungGen      total 8192K, used 1482K [0x000000076ad80000, 0x000000076bb80000, 0x00000007c0000000)
  eden space 6144K, 0% used [0x000000076ad80000,0x000000076ad80000,0x000000076b380000)
  from space 2048K, 72% used [0x000000076b380000,0x000000076b4f2998,0x000000076b580000)
  to   space 2048K, 0% used [0x000000076b980000,0x000000076b980000,0x000000076bb80000)
 ParOldGen       total 260608K, used 3683K [0x00000006c0800000, 0x00000006d0680000, 0x000000076ad80000)
  object space 260608K, 1% used [0x00000006c0800000,0x00000006c0b98f80,0x00000006d0680000)
 Metaspace       used 11082K, capacity 11302K, committed 11392K, reserved 1058816K
  class space    used 1297K, capacity 1373K, committed 1408K, reserved 1048576K
}
Event: 0.746 GC heap before
{Heap before GC invocations=12 (full 0):
 PSYoungGen      total 8192K, used 7626K [0x000000076ad80000, 0x000000076bb80000, 0x00000007c0000000)
  eden space 6144K, 100% used [0x000000076ad80000,0x000000076b380000,0x000000076b380000)
  from space 2048K, 72% used [0x000000076b380000,0x000000076b4f2998,0x000000076b580000)
  to   space 2048K, 0% used [0x000000076b980000,0x000000076b980000,0x000000076bb80000)
 ParOldGen       total 260608K, used 3683K [0x00000006c0800000, 0x00000006d0680000, 0x000000076ad80000)
  object space 260608K, 1% used [0x00000006c0800000,0x00000006c0b98f80,0x00000006d0680000)
 Metaspace       used 12425K, capacity 12652K, committed 12800K, reserved 1060864K
  class space    used 1446K, capacity 1502K, committed 1536K, reserved 1048576K
Event: 0.747 GC heap after
Heap after GC invocations=12 (full 0):
 PSYoungGen      total 12288K, used 1332K [0x000000076ad80000, 0x000000076bb80000, 0x00000007c0000000)
  eden space 10240K, 0% used [0x000000076ad80000,0x000000076ad80000,0x000000076b780000)
  from space 2048K, 65% used [0x000000076b980000,0x000000076bacd098,0x000000076bb80000)
  to   space 2048K, 0% used [0x000000076b780000,0x000000076b780000,0x000000076b980000)
 ParOldGen       total 260608K, used 4527K [0x00000006c0800000, 0x00000006d0680000, 0x000000076ad80000)
  object space 260608K, 1% used [0x00000006c0800000,0x00000006c0c6bff0,0x00000006d0680000)
 Metaspace       used 12425K, capacity 12652K, committed 12800K, reserved 1060864K
  class space    used 1446K, capacity 1502K, committed 1536K, reserved 1048576K
}
Event: 0.894 GC heap before
{Heap before GC invocations=13 (full 0):
 PSYoungGen      total 12288K, used 11572K [0x000000076ad80000, 0x000000076bb80000, 0x00000007c0000000)
  eden space 10240K, 100% used [0x000000076ad80000,0x000000076b780000,0x000000076b780000)
  from space 2048K, 65% used [0x000000076b980000,0x000000076bacd098,0x000000076bb80000)
  to   space 2048K, 0% used [0x000000076b780000,0x000000076b780000,0x000000076b980000)
 ParOldGen       total 260608K, used 4527K [0x00000006c0800000, 0x00000006d0680000, 0x000000076ad80000)
  object space 260608K, 1% used [0x00000006c0800000,0x00000006c0c6bff0,0x00000006d0680000)
 Metaspace       used 14266K, capacity 14472K, committed 14720K, reserved 1062912K
  class space    used 1573K, capacity 1637K, committed 1664K, reserved 1048576K
Event: 0.896 GC heap after
Heap after GC invocations=13 (full 0):
 PSYoungGen      total 12288K, used 1840K [0x000000076ad80000, 0x000000076c280000, 0x00000007c0000000)
  eden space 10240K, 0% used [0x000000076ad80000,0x000000076ad80000,0x000000076b780000)
  from space 2048K, 89% used [0x000000076b780000,0x000000076b94c088,0x000000076b980000)
  to   space 2560K, 0% used [0x000000076c000000,0x000000076c000000,0x000000076c280000)
 ParOldGen       total 260608K, used 4976K [0x00000006c0800000, 0x00000006d0680000, 0x000000076ad80000)
  object space 260608K, 1% used [0x00000006c0800000,0x00000006c0cdc090,0x00000006d0680000)
 Metaspace       used 14266K, capacity 14472K, committed 14720K, reserved 1062912K
  class space    used 1573K, capacity 1637K, committed 1664K, reserved 1048576K
}

